# JRE version: OpenJDK Runtime Environment (21.0.9) (build 21.0.9+-14787801-b1163.94)
# Java VM: OpenJDK 64-Bit Server VM (21.0.9+-14787801-b1163.94, mixed mode, tiered, compressed oops, compressed class ptrs, g1 gc, windows-amd64)
GC Precious Log:
 CardTable entry size: 512
 Card Set container configuration: InlinePtr #cards 5 size 8 Array Of Cards #cards 12 size 40 Howl #buckets 4 coarsen threshold 1843 Howl Bitmap #cards 512 size 80 coarsen threshold 460 Card regions per heap region 1 cards per card region 2048
 CPUs: 4 total, 4 available
 Memory: 7991M
 Large Page Support: Disabled
 NUMA Support: Disabled
 Compressed Oops: Enabled (32-bit)
 Heap Region Size: 1M
 Heap Min Capacity: 8M
 Heap Initial Capacity: 126M
 Heap Max Capacity: 2G
 Pre-touch: Disabled
 Parallel Workers: 4
 Concurrent Workers: 1
 Concurrent Refinement Workers: 4
 Periodic GC: Disabled
Heap:
 garbage-first heap   total 437248K, used 293813K [0x0000000080000000, 0x0000000100000000)
  region size 1024K, 147 young (150528K), 2 survivors (2048K)
 Metaspace       used 153483K, committed 156032K, reserved 1245184K
  class space    used 21024K, committed 22272K, reserved 1048576K
GC Heap History (20 events):
Event: 283.512 GC heap before
{Heap before GC invocations=73 (full 0):
 garbage-first heap   total 248832K, used 233532K [0x0000000080000000, 0x0000000100000000)
  region size 1024K, 110 young (112640K), 7 survivors (7168K)
 Metaspace       used 125259K, committed 127680K, reserved 1179648K
  class space    used 17124K, committed 18304K, reserved 1048576K
}
Event: 283.532 GC heap after
{Heap after GC invocations=74 (full 0):
 garbage-first heap   total 553984K, used 130362K [0x0000000080000000, 0x0000000100000000)
  region size 1024K, 8 young (8192K), 8 survivors (8192K)
 Metaspace       used 125259K, committed 127680K, reserved 1179648K
  class space    used 17124K, committed 18304K, reserved 1048576K
}
Event: 288.290 GC heap before
{Heap before GC invocations=75 (full 0):
 garbage-first heap   total 437248K, used 383290K [0x0000000080000000, 0x0000000100000000)
  region size 1024K, 256 young (262144K), 8 survivors (8192K)
 Metaspace       used 128620K, committed 131008K, reserved 1179648K
  class space    used 17562K, committed 18752K, reserved 1048576K
}
Event: 288.313 GC heap after
{Heap after GC invocations=76 (full 0):
 garbage-first heap   total 437248K, used 135482K [0x0000000080000000, 0x0000000100000000)
  region size 1024K, 13 young (13312K), 13 survivors (13312K)
 Metaspace       used 128620K, committed 131008K, reserved 1179648K
  class space    used 17562K, committed 18752K, reserved 1048576K
}
Event: 293.627 GC heap before
{Heap before GC invocations=76 (full 0):
 garbage-first heap   total 437248K, used 385338K [0x0000000080000000, 0x0000000100000000)
  region size 1024K, 256 young (262144K), 13 survivors (13312K)
 Metaspace       used 137384K, committed 139776K, reserved 1179648K
  class space    used 18803K, committed 19968K, reserved 1048576K
}
Event: 293.679 GC heap after
{Heap after GC invocations=77 (full 0):
 garbage-first heap   total 437248K, used 145271K [0x0000000080000000, 0x0000000100000000)
  region size 1024K, 25 young (25600K), 25 survivors (25600K)
 Metaspace       used 137384K, committed 139776K, reserved 1179648K
  class space    used 18803K, committed 19968K, reserved 1048576K
}
Event: 297.611 GC heap before
{Heap before GC invocations=77 (full 0):
 garbage-first heap   total 437248K, used 320375K [0x0000000080000000, 0x0000000100000000)
  region size 1024K, 198 young (202752K), 25 survivors (25600K)
 Metaspace       used 149654K, committed 152128K, reserved 1179648K
  class space    used 20595K, committed 21760K, reserved 1048576K
}
Event: 297.651 GC heap after
{Heap after GC invocations=78 (full 0):
 garbage-first heap   total 437248K, used 151383K [0x0000000080000000, 0x0000000100000000)
  region size 1024K, 18 young (18432K), 18 survivors (18432K)
 Metaspace       used 149654K, committed 152128K, reserved 1179648K
  class space    used 20595K, committed 21760K, reserved 1048576K
}
Event: 537.036 GC heap before
{Heap before GC invocations=79 (full 0):
 garbage-first heap   total 437248K, used 425815K [0x0000000080000000, 0x0000000100000000)
  region size 1024K, 256 young (262144K), 18 survivors (18432K)
 Metaspace       used 152541K, committed 155008K, reserved 1245184K
  class space    used 21004K, committed 22208K, reserved 1048576K
}
Event: 537.283 GC heap after
{Heap after GC invocations=80 (full 0):
 garbage-first heap   total 437248K, used 139718K [0x0000000080000000, 0x0000000100000000)
  region size 1024K, 4 young (4096K), 4 survivors (4096K)
 Metaspace       used 152541K, committed 155008K, reserved 1245184K
  class space    used 21004K, committed 22208K, reserved 1048576K
}
Event: 937.043 GC heap before
{Heap before GC invocations=80 (full 0):
 garbage-first heap   total 437248K, used 397766K [0x0000000080000000, 0x0000000100000000)
  region size 1024K, 256 young (262144K), 4 survivors (4096K)
 Metaspace       used 152555K, committed 155008K, reserved 1245184K
  class space    used 21004K, committed 22208K, reserved 1048576K
}
Event: 937.224 GC heap after
{Heap after GC invocations=81 (full 0):
 garbage-first heap   total 437248K, used 138345K [0x0000000080000000, 0x0000000100000000)
  region size 1024K, 3 young (3072K), 3 survivors (3072K)
 Metaspace       used 152555K, committed 155008K, reserved 1245184K
  class space    used 21004K, committed 22208K, reserved 1048576K
}
Event: 1310.196 GC heap before
{Heap before GC invocations=81 (full 0):
 garbage-first heap   total 437248K, used 397417K [0x0000000080000000, 0x0000000100000000)
  region size 1024K, 256 young (262144K), 3 survivors (3072K)
 Metaspace       used 152583K, committed 155008K, reserved 1245184K
  class space    used 21004K, committed 22208K, reserved 1048576K
}
Event: 1310.373 GC heap after
{Heap after GC invocations=82 (full 0):
 garbage-first heap   total 437248K, used 138433K [0x0000000080000000, 0x0000000100000000)
  region size 1024K, 3 young (3072K), 3 survivors (3072K)
 Metaspace       used 152583K, committed 155008K, reserved 1245184K
  class space    used 21004K, committed 22208K, reserved 1048576K
}
Event: 1487.028 GC heap before
{Heap before GC invocations=83 (full 0):
 garbage-first heap   total 437248K, used 397505K [0x0000000080000000, 0x0000000100000000)
  region size 1024K, 256 young (262144K), 3 survivors (3072K)
 Metaspace       used 153062K, committed 155520K, reserved 1245184K
  class space    used 21009K, committed 22208K, reserved 1048576K
}
Event: 1487.408 GC heap after
{Heap after GC invocations=84 (full 0):
 garbage-first heap   total 437248K, used 146625K [0x0000000080000000, 0x0000000100000000)
  region size 1024K, 11 young (11264K), 11 survivors (11264K)
 Metaspace       used 153062K, committed 155520K, reserved 1245184K
  class space    used 21009K, committed 22208K, reserved 1048576K
}
Event: 1867.457 GC heap before
{Heap before GC invocations=84 (full 0):
 garbage-first heap   total 437248K, used 397505K [0x0000000080000000, 0x0000000100000000)
  region size 1024K, 256 young (262144K), 11 survivors (11264K)
 Metaspace       used 153076K, committed 155520K, reserved 1245184K
  class space    used 21009K, committed 22208K, reserved 1048576K
}
Event: 1868.020 GC heap after
{Heap after GC invocations=85 (full 0):
 garbage-first heap   total 437248K, used 146387K [0x0000000080000000, 0x0000000100000000)
  region size 1024K, 12 young (12288K), 12 survivors (12288K)
 Metaspace       used 153076K, committed 155520K, reserved 1245184K
  class space    used 21009K, committed 22208K, reserved 1048576K
}
Event: 1877.107 GC heap before
{Heap before GC invocations=85 (full 0):
 garbage-first heap   total 437248K, used 155603K [0x0000000080000000, 0x0000000100000000)
  region size 1024K, 21 young (21504K), 12 survivors (12288K)
 Metaspace       used 153078K, committed 155584K, reserved 1245184K
  class space    used 21009K, committed 22208K, reserved 1048576K
}
Event: 1877.174 GC heap after
{Heap after GC invocations=86 (full 0):
 garbage-first heap   total 437248K, used 147381K [0x0000000080000000, 0x0000000100000000)
  region size 1024K, 2 young (2048K), 2 survivors (2048K)
 Metaspace       used 153078K, committed 155584K, reserved 1245184K
  class space    used 21009K, committed 22208K, reserved 1048576K
}

